<?xml version="1.0" encoding="UTF-8"?>
<!-- Generated by org.testng.reporters.JUnitReportReporter -->
<testsuite hostname="LAPTOP-MB7DGVQG" failures="0" tests="1" name="com.demo7.demo7.GitDemo" time="4.456" errors="0" timestamp="2024-12-09T10:58:08 IST" skipped="0">
  <testcase classname="com.demo7.demo7.GitDemo" name="f" time="4.456"/>
</testsuite> <!-- com.demo7.demo7.GitDemo -->
